<?xml version="1.0" encoding="UTF-8"?>
<!-- Generated by org.testng.reporters.JUnitReportReporter -->
<testsuite hostname="C100-176" failures="0" tests="1" name="test1" time="0.018" errors="0" timestamp="2023-06-21T15:21:00 IST" skipped="0">
  <testcase classname="test1" name="streamcollections" time="0.018"/>
  <system-out/>
</testsuite> <!-- test1 -->
